   1              		.cpu cortex-m0plus
   2              		.eabi_attribute 20, 1
   3              		.eabi_attribute 21, 1
   4              		.eabi_attribute 23, 3
   5              		.eabi_attribute 24, 1
   6              		.eabi_attribute 25, 1
   7              		.eabi_attribute 26, 1
   8              		.eabi_attribute 30, 4
   9              		.eabi_attribute 34, 0
  10              		.eabi_attribute 18, 4
  11              		.file	"psoc6_write.c"
  12              		.text
  13              		.align	1
  14              		.global	write
  15              		.arch armv6s-m
  16              		.syntax unified
  17              		.code	16
  18              		.thumb_func
  19              		.fpu softvfp
  21              	write:
  22              		@ Volatile: function does not return.
  23              		@ args = 0, pretend = 0, frame = 16
  24              		@ frame_needed = 0, uses_anonymous_args = 0
  25 0000 F0B5     		push	{r4, r5, r6, r7, lr}
  26 0002 85B0     		sub	sp, sp, #20
  27              		.syntax divided
  28              	@ 119 "psoc6_write.c" 1
  29 0004 62B6     		cpsie i
  30              	@ 0 "" 2
  31              		.thumb
  32              		.syntax unified
  33 0006 0126     		movs	r6, #1
  34              	.L2:
  35 0008 002B     		cmp	r3, #0
  36 000a 01D1     		bne	.L3
  37              	.L8:
  38              		.syntax divided
  39              	@ 147 "psoc6_write.c" 1
  40 000c 00BE     		bkpt 0
  41              	@ 0 "" 2
  42              		.thumb
  43              		.syntax unified
  44 000e FDE7     		b	.L8
  45              	.L3:
  46 0010 4568     		ldr	r5, [r0, #4]
  47 0012 0468     		ldr	r4, [r0]
  48 0014 A542     		cmp	r5, r4
  49 0016 FBD0     		beq	.L3
  50 0018 1B4D     		ldr	r5, .L13
  51 001a 4468     		ldr	r4, [r0, #4]
  52 001c 0095     		str	r5, [sp]
  53 001e 0A25     		movs	r5, #10
  54 0020 FF35     		adds	r5, r5, #255
  55 0022 0195     		str	r5, [sp, #4]
  56 0024 F025     		movs	r5, #240
  57 0026 0394     		str	r4, [sp, #12]
  58 0028 184C     		ldr	r4, .L13+4
  59 002a 0292     		str	r2, [sp, #8]
  60 002c 2468     		ldr	r4, [r4]
  61 002e 2D01     		lsls	r5, r5, #4
  62 0030 2C40     		ands	r4, r5
  63 0032 651E     		subs	r5, r4, #1
  64 0034 AC41     		sbcs	r4, r4, r5
  65 0036 164D     		ldr	r5, .L13+8
  66 0038 E4B2     		uxtb	r4, r4
  67 003a 6519     		adds	r5, r4, r5
  68 003c 6D01     		lsls	r5, r5, #5
  69              	.L4:
  70 003e 2F68     		ldr	r7, [r5]
  71 0040 002F     		cmp	r7, #0
  72 0042 FCDA     		bge	.L4
  73 0044 6F46     		mov	r7, sp
  74 0046 EF60     		str	r7, [r5, #12]
  75 0048 3700     		movs	r7, r6
  76 004a 1034     		adds	r4, r4, #16
  77 004c A740     		lsls	r7, r7, r4
  78 004e 114C     		ldr	r4, .L13+12
  79 0050 2760     		str	r7, [r4]
  80 0052 AE60     		str	r6, [r5, #8]
  81              	.L5:
  82 0054 2C69     		ldr	r4, [r5, #16]
  83 0056 002C     		cmp	r4, #0
  84 0058 FCDB     		blt	.L5
  85 005a A027     		movs	r7, #160
  86 005c 009D     		ldr	r5, [sp]
  87 005e 3F06     		lsls	r7, r7, #24
  88 0060 2C0F     		lsrs	r4, r5, #28
  89 0062 2407     		lsls	r4, r4, #28
  90 0064 BC42     		cmp	r4, r7
  91 0066 03D0     		beq	.L6
  92 0068 0024     		movs	r4, #0
  93 006a 4460     		str	r4, [r0, #4]
  94              		.syntax divided
  95              	@ 130 "psoc6_write.c" 1
  96 006c 281C     		mov r0, r5
  97 006e 00BE     		bkpt 0
  98              	@ 0 "" 2
  99              		.thumb
 100              		.syntax unified
 101              	.L6:
 102 0070 8025     		movs	r5, #128
 103 0072 4468     		ldr	r4, [r0, #4]
 104 0074 AD00     		lsls	r5, r5, #2
 105 0076 6419     		adds	r4, r4, r5
 106 0078 5219     		adds	r2, r2, r5
 107 007a 8C42     		cmp	r4, r1
 108 007c 01D3     		bcc	.L7
 109 007e 0400     		movs	r4, r0
 110 0080 0834     		adds	r4, r4, #8
 111              	.L7:
 112 0082 4460     		str	r4, [r0, #4]
 113 0084 013B     		subs	r3, r3, #1
 114 0086 BFE7     		b	.L2
 115              	.L14:
 116              		.align	2
 117              	.L13:
 118 0088 00010006 		.word	100663552
 119 008c 00042140 		.word	1075905536
 120 0090 00180102 		.word	33626112
 121 0094 08102340 		.word	1076039688
 123              		.ident	"GCC: (bleeding-edge-toolchain) 8.2.0"
