   1              		.cpu cortex-m0plus
   2              		.eabi_attribute 20, 1
   3              		.eabi_attribute 21, 1
   4              		.eabi_attribute 23, 3
   5              		.eabi_attribute 24, 1
   6              		.eabi_attribute 25, 1
   7              		.eabi_attribute 26, 1
   8              		.eabi_attribute 30, 4
   9              		.eabi_attribute 34, 0
  10              		.eabi_attribute 18, 4
  11              		.file	"psoc6_write.c"
  12              		.text
  13              		.align	1
  14              		.global	write
  15              		.arch armv6s-m
  16              		.syntax unified
  17              		.code	16
  18              		.thumb_func
  19              		.fpu softvfp
  21              	write:
  22              		@ Volatile: function does not return.
  23              		@ args = 0, pretend = 0, frame = 24
  24              		@ frame_needed = 0, uses_anonymous_args = 0
  25 0000 F0B5     		push	{r4, r5, r6, r7, lr}
  26 0002 87B0     		sub	sp, sp, #28
  27 0004 0191     		str	r1, [sp, #4]
  28              		.syntax divided
  29              	@ 88 "psoc6_write.c" 1
  30 0006 62B6     		cpsie i
  31              	@ 0 "" 2
  32              		.thumb
  33              		.syntax unified
  34 0008 F027     		movs	r7, #240
  35 000a 254C     		ldr	r4, .L14
  36 000c 3F01     		lsls	r7, r7, #4
  37 000e 2168     		ldr	r1, [r4]
  38 0010 244E     		ldr	r6, .L14+4
  39 0012 3940     		ands	r1, r7
  40 0014 4F1E     		subs	r7, r1, #1
  41 0016 B941     		sbcs	r1, r1, r7
  42 0018 0127     		movs	r7, #1
  43 001a 1031     		adds	r1, r1, #16
  44 001c 8F40     		lsls	r7, r7, r1
  45 001e 3568     		ldr	r5, [r6]
  46 0020 2F42     		tst	r7, r5
  47 0022 01D1     		bne	.L2
  48 0024 3D43     		orrs	r5, r7
  49 0026 3560     		str	r5, [r6]
  50              	.L2:
  51 0028 A021     		movs	r1, #160
  52 002a F026     		movs	r6, #240
  53 002c 0906     		lsls	r1, r1, #24
  54 002e 0127     		movs	r7, #1
  55 0030 8C46     		mov	ip, r1
  56 0032 3601     		lsls	r6, r6, #4
  57              	.L3:
  58 0034 002B     		cmp	r3, #0
  59 0036 01D1     		bne	.L4
  60              	.L9:
  61              		.syntax divided
  62              	@ 122 "psoc6_write.c" 1
  63 0038 00BE     		bkpt 0
  64              	@ 0 "" 2
  65              		.thumb
  66              		.syntax unified
  67 003a FDE7     		b	.L9
  68              	.L4:
  69 003c 4568     		ldr	r5, [r0, #4]
  70 003e 0168     		ldr	r1, [r0]
  71 0040 8D42     		cmp	r5, r1
  72 0042 FBD0     		beq	.L4
  73 0044 184D     		ldr	r5, .L14+8
  74 0046 4168     		ldr	r1, [r0, #4]
  75 0048 0295     		str	r5, [sp, #8]
  76 004a 0A25     		movs	r5, #10
  77 004c FF35     		adds	r5, r5, #255
  78 004e 0395     		str	r5, [sp, #12]
  79 0050 0492     		str	r2, [sp, #16]
  80 0052 0591     		str	r1, [sp, #20]
  81 0054 2168     		ldr	r1, [r4]
  82 0056 3140     		ands	r1, r6
  83 0058 4D1E     		subs	r5, r1, #1
  84 005a A941     		sbcs	r1, r1, r5
  85 005c 134D     		ldr	r5, .L14+12
  86 005e 4919     		adds	r1, r1, r5
  87 0060 4901     		lsls	r1, r1, #5
  88              	.L5:
  89 0062 0D68     		ldr	r5, [r1]
  90 0064 002D     		cmp	r5, #0
  91 0066 FCDA     		bge	.L5
  92 0068 02AD     		add	r5, sp, #8
  93 006a CD60     		str	r5, [r1, #12]
  94 006c 8F60     		str	r7, [r1, #8]
  95              	.L6:
  96 006e CD69     		ldr	r5, [r1, #28]
  97 0070 002D     		cmp	r5, #0
  98 0072 FCDB     		blt	.L6
  99 0074 029D     		ldr	r5, [sp, #8]
 100 0076 290F     		lsrs	r1, r5, #28
 101 0078 0907     		lsls	r1, r1, #28
 102 007a 6145     		cmp	r1, ip
 103 007c 03D0     		beq	.L7
 104 007e 0021     		movs	r1, #0
 105 0080 4160     		str	r1, [r0, #4]
 106              		.syntax divided
 107              	@ 105 "psoc6_write.c" 1
 108 0082 281C     		mov r0, r5
 109 0084 00BE     		bkpt 0
 110              	@ 0 "" 2
 111              		.thumb
 112              		.syntax unified
 113              	.L7:
 114 0086 8025     		movs	r5, #128
 115 0088 4168     		ldr	r1, [r0, #4]
 116 008a AD00     		lsls	r5, r5, #2
 117 008c 5219     		adds	r2, r2, r5
 118 008e 4919     		adds	r1, r1, r5
 119 0090 019D     		ldr	r5, [sp, #4]
 120 0092 A942     		cmp	r1, r5
 121 0094 01D3     		bcc	.L8
 122 0096 0100     		movs	r1, r0
 123 0098 0831     		adds	r1, r1, #8
 124              	.L8:
 125 009a 4160     		str	r1, [r0, #4]
 126 009c 013B     		subs	r3, r3, #1
 127 009e C9E7     		b	.L3
 128              	.L15:
 129              		.align	2
 130              	.L14:
 131 00a0 00002040 		.word	1075838976
 132 00a4 08102240 		.word	1075974152
 133 00a8 00010006 		.word	100663552
 134 00ac 00100102 		.word	33624064
 136              		.ident	"GCC: (bleeding-edge-toolchain) 9.2.0"
